  Application.cpp
C:\Users\Asus\Desktop\namgui\GL_Tranning\TrainingFramework\src\GameManager\ResourceManagers.h(13,10): fatal error C1083: Cannot open include file: 'soloud.h': No such file or directory
  ResourceManagers.cpp
C:\Users\Asus\Desktop\namgui\GL_Tranning\TrainingFramework\src\GameManager\ResourceManagers.h(13,10): fatal error C1083: Cannot open include file: 'soloud.h': No such file or directory
  ShipObject.cpp
C:\Users\Asus\Desktop\namgui\GL_Tranning\TrainingFramework\src\GameManager\ResourceManagers.h(13,10): fatal error C1083: Cannot open include file: 'soloud.h': No such file or directory
  Sprite2D.cpp
  GameStateBase.cpp
C:\Users\Asus\Desktop\namgui\GL_Tranning\TrainingFramework\src\GameManager\ResourceManagers.h(13,10): fatal error C1083: Cannot open include file: 'soloud.h': No such file or directory
  GameStateMachine.cpp
C:\Users\Asus\Desktop\namgui\GL_Tranning\TrainingFramework\src\GameManager\ResourceManagers.h(13,10): fatal error C1083: Cannot open include file: 'soloud.h': No such file or directory
  GSIntro.cpp
C:\Users\Asus\Desktop\namgui\GL_Tranning\TrainingFramework\src\GameManager\ResourceManagers.h(13,10): fatal error C1083: Cannot open include file: 'soloud.h': No such file or directory
  GSMenu.cpp
C:\Users\Asus\Desktop\namgui\GL_Tranning\TrainingFramework\src\GameManager\ResourceManagers.h(13,10): fatal error C1083: Cannot open include file: 'soloud.h': No such file or directory
  GSPlay.cpp
C:\Users\Asus\Desktop\namgui\GL_Tranning\TrainingFramework\src\GameManager\ResourceManagers.h(13,10): fatal error C1083: Cannot open include file: 'soloud.h': No such file or directory
  GSSetting.cpp
C:\Users\Asus\Desktop\namgui\GL_Tranning\TrainingFramework\src\GameManager\ResourceManagers.h(13,10): fatal error C1083: Cannot open include file: 'soloud.h': No such file or directory
  TrainingFramework.cpp
  Generating Code...
